<?xml version="1.0" encoding="UTF-8"?>
<!-- Generated by org.testng.reporters.JUnitReportReporter -->
<testsuite hostname="LENOVO" failures="0" tests="1" name="testScenarios.SwitchingWindows" time="42.385" errors="0" timestamp="2023-10-18T05:51:20 IST" skipped="0">
  <testcase classname="testScenarios.SwitchingWindows" name="switchWind" time="42.385"/>
  <system-out/>
</testsuite> <!-- testScenarios.SwitchingWindows -->
