<?xml version="1.0" encoding="UTF-8"?>
<!-- Generated by org.testng.reporters.JUnitReportReporter -->
<testsuite hostname="LENOVO" failures="0" tests="1" name="testScenarios.SwitchingWindows" time="38.431" errors="0" timestamp="2023-10-24T05:22:32 IST" skipped="0">
  <testcase classname="testScenarios.SwitchingWindows" name="switchWind" time="38.431"/>
</testsuite> <!-- testScenarios.SwitchingWindows -->
