<?xml version="1.0" encoding="UTF-8"?>
<!-- Generated by org.testng.reporters.JUnitReportReporter -->
<testsuite hostname="LENOVO" failures="0" tests="1" name="testScenarios.DynamicDataHandling" time="6.018" errors="0" timestamp="2023-10-24T05:22:32 IST" skipped="0">
  <testcase classname="testScenarios.DynamicDataHandling" name="DynData" time="6.018"/>
</testsuite> <!-- testScenarios.DynamicDataHandling -->
